<?xml version="1.0" encoding="UTF-8"?>
<coverage generated="1708340545952" clover="3.2.0">
  <project timestamp="1708340545952" name="All files">
    <metrics statements="42" coveredstatements="42" conditionals="18" coveredconditionals="14" methods="20" coveredmethods="20" elements="80" coveredelements="76" complexity="0" loc="42" ncloc="42" packages="1" files="4" classes="4"/>
    <file name="app.ts" path="/Users/ulyana/Desktop/projects/otus/router-ula-otus/src/app.ts">
      <metrics statements="6" coveredstatements="6" conditionals="0" coveredconditionals="0" methods="2" coveredmethods="2"/>
      <line num="5" count="1" type="stmt"/>
      <line num="6" count="1" type="stmt"/>
      <line num="7" count="1" type="stmt"/>
      <line num="8" count="1" type="stmt"/>
      <line num="9" count="1" type="stmt"/>
      <line num="10" count="1" type="stmt"/>
    </file>
    <file name="pages.ts" path="/Users/ulyana/Desktop/projects/otus/router-ula-otus/src/pages.ts">
      <metrics statements="4" coveredstatements="4" conditionals="0" coveredconditionals="0" methods="4" coveredmethods="4"/>
      <line num="5" count="2" type="stmt"/>
      <line num="9" count="1" type="stmt"/>
      <line num="13" count="1" type="stmt"/>
      <line num="17" count="2" type="stmt"/>
    </file>
    <file name="render.ts" path="/Users/ulyana/Desktop/projects/otus/router-ula-otus/src/render.ts">
      <metrics statements="2" coveredstatements="2" conditionals="0" coveredconditionals="0" methods="1" coveredmethods="1"/>
      <line num="2" count="8" type="stmt"/>
      <line num="3" count="8" type="stmt"/>
    </file>
    <file name="router.ts" path="/Users/ulyana/Desktop/projects/otus/router-ula-otus/src/router.ts">
      <metrics statements="30" coveredstatements="30" conditionals="18" coveredconditionals="14" methods="13" coveredmethods="13"/>
      <line num="4" count="12" type="cond" truecount="3" falsecount="0"/>
      <line num="6" count="7" type="stmt"/>
      <line num="8" count="2" type="stmt"/>
      <line num="10" count="3" type="stmt"/>
      <line num="24" count="3" type="stmt"/>
      <line num="25" count="3" type="cond" truecount="1" falsecount="2"/>
      <line num="26" count="3" type="cond" truecount="1" falsecount="1"/>
      <line num="27" count="3" type="stmt"/>
      <line num="28" count="3" type="cond" truecount="2" falsecount="0"/>
      <line num="29" count="3" type="stmt"/>
      <line num="33" count="3" type="stmt"/>
      <line num="34" count="3" type="stmt"/>
      <line num="36" count="3" type="stmt"/>
      <line num="39" count="7" type="stmt"/>
      <line num="40" count="5" type="cond" truecount="2" falsecount="0"/>
      <line num="41" count="2" type="stmt"/>
      <line num="46" count="5" type="stmt"/>
      <line num="47" count="5" type="cond" truecount="2" falsecount="0"/>
      <line num="48" count="4" type="stmt"/>
      <line num="49" count="4" type="cond" truecount="2" falsecount="0"/>
      <line num="50" count="3" type="stmt"/>
      <line num="51" count="3" type="stmt"/>
      <line num="54" count="3" type="stmt"/>
      <line num="56" count="4" type="stmt"/>
      <line num="59" count="5" type="stmt"/>
      <line num="62" count="1" type="stmt"/>
      <line num="65" count="2" type="stmt"/>
      <line num="66" count="1" type="cond" truecount="1" falsecount="1"/>
      <line num="67" count="1" type="stmt"/>
      <line num="71" count="2" type="stmt"/>
    </file>
  </project>
</coverage>
