{"/Users/ulyana/Desktop/projects/otus/router-ula-otus/src/app.ts": {"path":"/Users/ulyana/Desktop/projects/otus/router-ula-otus/src/app.ts","statementMap":{"0":{"start":{"line":5,"column":17},"end":{"line":5,"column":25}},"1":{"start":{"line":6,"column":2},"end":{"line":6,"column":27}},"2":{"start":{"line":7,"column":2},"end":{"line":7,"column":33}},"3":{"start":{"line":8,"column":2},"end":{"line":8,"column":32}},"4":{"start":{"line":9,"column":2},"end":{"line":9,"column":72}},"5":{"start":{"line":9,"column":30},"end":{"line":9,"column":57}},"6":{"start":{"line":10,"column":2},"end":{"line":10,"column":31}}},"fnMap":{"0":{"name":"app","decl":{"start":{"line":4,"column":16},"end":{"line":4,"column":19}},"loc":{"start":{"line":4,"column":22},"end":{"line":11,"column":1}},"line":4},"1":{"name":"(anonymous_1)","decl":{"start":{"line":9,"column":12},"end":{"line":9,"column":13}},"loc":{"start":{"line":9,"column":30},"end":{"line":9,"column":57}},"line":9}},"branchMap":{},"s":{"0":1,"1":1,"2":1,"3":1,"4":1,"5":1,"6":1},"f":{"0":1,"1":1},"b":{},"_coverageSchema":"1a1c01bbd47fc00a2c39e90264f33305004495a9","hash":"21572604af0782714c3ce581fcf9ac7ebdd4d993"}
,"/Users/ulyana/Desktop/projects/otus/router-ula-otus/src/pages.ts": {"path":"/Users/ulyana/Desktop/projects/otus/router-ula-otus/src/pages.ts","statementMap":{"0":{"start":{"line":5,"column":2},"end":{"line":5,"column":40}},"1":{"start":{"line":9,"column":2},"end":{"line":9,"column":40}},"2":{"start":{"line":13,"column":2},"end":{"line":13,"column":46}},"3":{"start":{"line":17,"column":2},"end":{"line":17,"column":69}}},"fnMap":{"0":{"name":"pageMain","decl":{"start":{"line":4,"column":22},"end":{"line":4,"column":30}},"loc":{"start":{"line":4,"column":33},"end":{"line":6,"column":1}},"line":4},"1":{"name":"pageAbout","decl":{"start":{"line":8,"column":22},"end":{"line":8,"column":31}},"loc":{"start":{"line":8,"column":34},"end":{"line":10,"column":1}},"line":8},"2":{"name":"pageInfo","decl":{"start":{"line":12,"column":22},"end":{"line":12,"column":30}},"loc":{"start":{"line":12,"column":33},"end":{"line":14,"column":1}},"line":12},"3":{"name":"pageContact","decl":{"start":{"line":16,"column":22},"end":{"line":16,"column":33}},"loc":{"start":{"line":16,"column":49},"end":{"line":18,"column":1}},"line":16}},"branchMap":{},"s":{"0":2,"1":1,"2":1,"3":2},"f":{"0":2,"1":1,"2":1,"3":2},"b":{},"_coverageSchema":"1a1c01bbd47fc00a2c39e90264f33305004495a9","hash":"b1b434de496245514801e8dbeeae95a431ba52da"}
,"/Users/ulyana/Desktop/projects/otus/router-ula-otus/src/render.ts": {"path":"/Users/ulyana/Desktop/projects/otus/router-ula-otus/src/render.ts","statementMap":{"0":{"start":{"line":2,"column":2},"end":{"line":2,"column":25}},"1":{"start":{"line":3,"column":2},"end":{"line":3,"column":54}}},"fnMap":{"0":{"name":"render","decl":{"start":{"line":1,"column":16},"end":{"line":1,"column":22}},"loc":{"start":{"line":1,"column":55},"end":{"line":4,"column":1}},"line":1}},"branchMap":{},"s":{"0":8,"1":8},"f":{"0":8},"b":{},"_coverageSchema":"1a1c01bbd47fc00a2c39e90264f33305004495a9","hash":"dcf2f78a92ae531f4f826f623cb359e8a48390a5"}
,"/Users/ulyana/Desktop/projects/otus/router-ula-otus/src/router.ts": {"path":"/Users/ulyana/Desktop/projects/otus/router-ula-otus/src/router.ts","statementMap":{"0":{"start":{"line":4,"column":2},"end":{"line":11,"column":3}},"1":{"start":{"line":6,"column":6},"end":{"line":6,"column":30}},"2":{"start":{"line":8,"column":6},"end":{"line":8,"column":27}},"3":{"start":{"line":10,"column":6},"end":{"line":10,"column":32}},"4":{"start":{"line":24,"column":28},"end":{"line":24,"column":69}},"5":{"start":{"line":25,"column":2},"end":{"line":25,"column":72}},"6":{"start":{"line":26,"column":2},"end":{"line":26,"column":60}},"7":{"start":{"line":27,"column":2},"end":{"line":27,"column":43}},"8":{"start":{"line":28,"column":2},"end":{"line":28,"column":48}},"9":{"start":{"line":29,"column":2},"end":{"line":29,"column":38}},"10":{"start":{"line":33,"column":17},"end":{"line":33,"column":36}},"11":{"start":{"line":34,"column":13},"end":{"line":34,"column":51}},"12":{"start":{"line":36,"column":2},"end":{"line":36,"column":56}},"13":{"start":{"line":39,"column":18},"end":{"line":39,"column":68}},"14":{"start":{"line":39,"column":37},"end":{"line":39,"column":67}},"15":{"start":{"line":40,"column":4},"end":{"line":42,"column":5}},"16":{"start":{"line":41,"column":6},"end":{"line":41,"column":72}},"17":{"start":{"line":41,"column":58},"end":{"line":41,"column":69}},"18":{"start":{"line":46,"column":17},"end":{"line":46,"column":40}},"19":{"start":{"line":47,"column":4},"end":{"line":47,"column":43}},"20":{"start":{"line":47,"column":36},"end":{"line":47,"column":43}},"21":{"start":{"line":48,"column":17},"end":{"line":48,"column":42}},"22":{"start":{"line":49,"column":4},"end":{"line":49,"column":22}},"23":{"start":{"line":49,"column":15},"end":{"line":49,"column":22}},"24":{"start":{"line":50,"column":4},"end":{"line":50,"column":23}},"25":{"start":{"line":51,"column":4},"end":{"line":51,"column":18}},"26":{"start":{"line":54,"column":2},"end":{"line":73,"column":4}},"27":{"start":{"line":56,"column":6},"end":{"line":56,"column":20}},"28":{"start":{"line":59,"column":6},"end":{"line":59,"column":37}},"29":{"start":{"line":62,"column":6},"end":{"line":62,"column":24}},"30":{"start":{"line":65,"column":18},"end":{"line":65,"column":79}},"31":{"start":{"line":65,"column":42},"end":{"line":65,"column":78}},"32":{"start":{"line":66,"column":6},"end":{"line":68,"column":7}},"33":{"start":{"line":67,"column":8},"end":{"line":67,"column":27}},"34":{"start":{"line":71,"column":6},"end":{"line":71,"column":20}}},"fnMap":{"0":{"name":"routeTest","decl":{"start":{"line":3,"column":16},"end":{"line":3,"column":25}},"loc":{"start":{"line":3,"column":60},"end":{"line":12,"column":1}},"line":3},"1":{"name":"routePath","decl":{"start":{"line":19,"column":22},"end":{"line":19,"column":31}},"loc":{"start":{"line":23,"column":22},"end":{"line":30,"column":1}},"line":23},"2":{"name":"Router","decl":{"start":{"line":32,"column":16},"end":{"line":32,"column":22}},"loc":{"start":{"line":32,"column":39},"end":{"line":74,"column":1}},"line":32},"3":{"name":"testUrl","decl":{"start":{"line":38,"column":11},"end":{"line":38,"column":18}},"loc":{"start":{"line":38,"column":40},"end":{"line":43,"column":3}},"line":38},"4":{"name":"(anonymous_4)","decl":{"start":{"line":39,"column":30},"end":{"line":39,"column":31}},"loc":{"start":{"line":39,"column":37},"end":{"line":39,"column":67}},"line":39},"5":{"name":"(anonymous_5)","decl":{"start":{"line":41,"column":47},"end":{"line":41,"column":48}},"loc":{"start":{"line":41,"column":58},"end":{"line":41,"column":69}},"line":41},"6":{"name":"handlerClick","decl":{"start":{"line":45,"column":11},"end":{"line":45,"column":23}},"loc":{"start":{"line":45,"column":34},"end":{"line":52,"column":3}},"line":45},"7":{"name":"(anonymous_7)","decl":{"start":{"line":55,"column":4},"end":{"line":55,"column":5}},"loc":{"start":{"line":55,"column":16},"end":{"line":57,"column":5}},"line":55},"8":{"name":"(anonymous_8)","decl":{"start":{"line":58,"column":4},"end":{"line":58,"column":5}},"loc":{"start":{"line":58,"column":67},"end":{"line":60,"column":5}},"line":58},"9":{"name":"(anonymous_9)","decl":{"start":{"line":61,"column":4},"end":{"line":61,"column":5}},"loc":{"start":{"line":61,"column":27},"end":{"line":63,"column":5}},"line":61},"10":{"name":"(anonymous_10)","decl":{"start":{"line":64,"column":4},"end":{"line":64,"column":5}},"loc":{"start":{"line":64,"column":30},"end":{"line":69,"column":5}},"line":64},"11":{"name":"(anonymous_11)","decl":{"start":{"line":65,"column":35},"end":{"line":65,"column":36}},"loc":{"start":{"line":65,"column":42},"end":{"line":65,"column":78}},"line":65},"12":{"name":"(anonymous_12)","decl":{"start":{"line":70,"column":4},"end":{"line":70,"column":5}},"loc":{"start":{"line":70,"column":21},"end":{"line":72,"column":5}},"line":70}},"branchMap":{"0":{"loc":{"start":{"line":4,"column":2},"end":{"line":11,"column":3}},"type":"switch","locations":[{"start":{"line":5,"column":4},"end":{"line":6,"column":30}},{"start":{"line":7,"column":4},"end":{"line":8,"column":27}},{"start":{"line":9,"column":4},"end":{"line":10,"column":32}}],"line":4},"1":{"loc":{"start":{"line":25,"column":2},"end":{"line":25,"column":71}},"type":"binary-expr","locations":[{"start":{"line":25,"column":2},"end":{"line":25,"column":12}},{"start":{"line":25,"column":16},"end":{"line":25,"column":34}},{"start":{"line":25,"column":39},"end":{"line":25,"column":70}}],"line":25},"2":{"loc":{"start":{"line":26,"column":2},"end":{"line":26,"column":59}},"type":"binary-expr","locations":[{"start":{"line":26,"column":2},"end":{"line":26,"column":21}},{"start":{"line":26,"column":26},"end":{"line":26,"column":58}}],"line":26},"3":{"loc":{"start":{"line":28,"column":2},"end":{"line":28,"column":47}},"type":"binary-expr","locations":[{"start":{"line":28,"column":2},"end":{"line":28,"column":15}},{"start":{"line":28,"column":20},"end":{"line":28,"column":46}}],"line":28},"4":{"loc":{"start":{"line":40,"column":4},"end":{"line":42,"column":5}},"type":"if","locations":[{"start":{"line":40,"column":4},"end":{"line":42,"column":5}},{"start":{},"end":{}}],"line":40},"5":{"loc":{"start":{"line":47,"column":4},"end":{"line":47,"column":43}},"type":"if","locations":[{"start":{"line":47,"column":4},"end":{"line":47,"column":43}},{"start":{},"end":{}}],"line":47},"6":{"loc":{"start":{"line":49,"column":4},"end":{"line":49,"column":22}},"type":"if","locations":[{"start":{"line":49,"column":4},"end":{"line":49,"column":22}},{"start":{},"end":{}}],"line":49},"7":{"loc":{"start":{"line":66,"column":6},"end":{"line":68,"column":7}},"type":"if","locations":[{"start":{"line":66,"column":6},"end":{"line":68,"column":7}},{"start":{},"end":{}}],"line":66}},"s":{"0":12,"1":7,"2":2,"3":3,"4":3,"5":3,"6":3,"7":3,"8":3,"9":3,"10":3,"11":3,"12":3,"13":5,"14":7,"15":5,"16":2,"17":2,"18":5,"19":5,"20":1,"21":4,"22":4,"23":1,"24":3,"25":3,"26":3,"27":4,"28":5,"29":1,"30":1,"31":2,"32":1,"33":1,"34":2},"f":{"0":12,"1":3,"2":3,"3":5,"4":7,"5":2,"6":5,"7":4,"8":5,"9":1,"10":1,"11":2,"12":2},"b":{"0":[7,2,3],"1":[3,0,0],"2":[3,0],"3":[3,2],"4":[2,3],"5":[1,4],"6":[1,3],"7":[1,0]},"_coverageSchema":"1a1c01bbd47fc00a2c39e90264f33305004495a9","hash":"8617209b2997d40d6f9e38412002f15e9f263ecd"}
}
