TN:
SF:src/app.ts
FN:4,app
FN:9,(anonymous_1)
FNF:2
FNH:2
FNDA:1,app
FNDA:1,(anonymous_1)
DA:5,1
DA:6,1
DA:7,1
DA:8,1
DA:9,1
DA:10,1
LF:6
LH:6
BRF:0
BRH:0
end_of_record
TN:
SF:src/pages.ts
FN:4,pageMain
FN:8,pageAbout
FN:12,pageInfo
FN:16,pageContact
FNF:4
FNH:4
FNDA:2,pageMain
FNDA:1,pageAbout
FNDA:1,pageInfo
FNDA:2,pageContact
DA:5,2
DA:9,1
DA:13,1
DA:17,2
LF:4
LH:4
BRF:0
BRH:0
end_of_record
TN:
SF:src/render.ts
FN:1,render
FNF:1
FNH:1
FNDA:8,render
DA:2,8
DA:3,8
LF:2
LH:2
BRF:0
BRH:0
end_of_record
TN:
SF:src/router.ts
FN:3,routeTest
FN:19,routePath
FN:32,Router
FN:38,testUrl
FN:39,(anonymous_4)
FN:41,(anonymous_5)
FN:45,handlerClick
FN:55,(anonymous_7)
FN:58,(anonymous_8)
FN:61,(anonymous_9)
FN:64,(anonymous_10)
FN:65,(anonymous_11)
FN:70,(anonymous_12)
FNF:13
FNH:13
FNDA:12,routeTest
FNDA:3,routePath
FNDA:3,Router
FNDA:5,testUrl
FNDA:7,(anonymous_4)
FNDA:2,(anonymous_5)
FNDA:3,handlerClick
FNDA:4,(anonymous_7)
FNDA:5,(anonymous_8)
FNDA:1,(anonymous_9)
FNDA:1,(anonymous_10)
FNDA:2,(anonymous_11)
FNDA:2,(anonymous_12)
DA:4,12
DA:6,7
DA:8,2
DA:10,3
DA:24,3
DA:25,3
DA:26,3
DA:27,3
DA:28,3
DA:29,3
DA:33,3
DA:34,3
DA:36,3
DA:39,7
DA:40,5
DA:41,2
DA:46,3
DA:47,3
DA:48,3
DA:49,3
DA:50,3
DA:51,3
DA:54,3
DA:56,4
DA:59,5
DA:62,1
DA:65,2
DA:66,1
DA:67,1
DA:71,2
LF:30
LH:30
BRDA:4,0,0,7
BRDA:4,0,1,2
BRDA:4,0,2,3
BRDA:25,1,0,3
BRDA:25,1,1,0
BRDA:25,1,2,0
BRDA:26,2,0,3
BRDA:26,2,1,0
BRDA:28,3,0,3
BRDA:28,3,1,2
BRDA:40,4,0,2
BRDA:40,4,1,3
BRDA:47,5,0,0
BRDA:47,5,1,3
BRDA:49,6,0,0
BRDA:49,6,1,3
BRDA:66,7,0,1
BRDA:66,7,1,0
BRF:18
BRH:12
end_of_record
